<?xml version="1.0" encoding="UTF-8"?>
<!-- Generated by org.testng.reporters.JUnitReportReporter -->
<testsuite hostname="pavi" failures="0" tests="2" name="infosys_web_app.Registration_page" time="21.110" errors="0" timestamp="2024-09-19T07:44:06 IST" skipped="1">
  <testcase classname="infosys_web_app.Registration_page" name="Actions" time="21.110"/>
  <testcase classname="infosys_web_app.Registration_page" name="ignore">
    <skipped/>
  </testcase> <!-- ignore -->
</testsuite> <!-- infosys_web_app.Registration_page -->
