<?xml version="1.0" encoding="UTF-8"?>
<!-- Generated by org.testng.reporters.JUnitReportReporter -->
<testsuite hostname="pavi" failures="0" tests="1" name="infosys_web_app.Sign_in_page" time="5.879" errors="0" timestamp="2024-09-19T07:44:06 IST" skipped="0">
  <testcase classname="infosys_web_app.Sign_in_page" name="actions" time="5.879"/>
</testsuite> <!-- infosys_web_app.Sign_in_page -->
